======================================================================== 
ETL Task Scheduler - Started: 09/12/2025  8:00:01,59 
Using short path: C:\FILEPE~1\SECDE9~1\FILEMA~1\KECERD~1\FILETU~1\UAS\UAS_DW~1 
Docker Compose: C:\FILEPE~1\SECDE9~1\FILEMA~1\KECERD~1\FILETU~1\UAS\UAS_DW~1\docker\docker-compose.yml 
======================================================================== 
 
[1/3] Checking Docker... 
Docker version 28.4.0, build d8eb465
[2/3] Checking containers... 
NAME           IMAGE                   COMMAND                  SERVICE     CREATED        STATUS                  PORTS
dw_dashboard   docker-dashboard        "streamlit run /app/…"   dashboard   10 hours ago   Up 10 hours (healthy)   0.0.0.0:8501->8501/tcp, [::]:8501->8501/tcp
dw_etl         docker-etl              "tail -f /dev/null"      etl         10 hours ago   Up 10 hours (healthy)   
dw_pgadmin     dpage/pgadmin4:latest   "/entrypoint.sh"         pgadmin     10 hours ago   Up 10 hours             0.0.0.0:5050->80/tcp, [::]:5050->80/tcp
dw_postgres    postgres:18-alpine      "docker-entrypoint.s…"   postgres    10 hours ago   Up 10 hours (healthy)   0.0.0.0:5433->5432/tcp, [::]:5433->5432/tcp
[3/3] Running ETL... 
---------------------------------------- 

================================================================================
[2025-12-09 00:00:06.122078] ETL Started
Working Directory: /app
Script Path: /app/scripts/etl/main_etl.py
Environment: Docker
================================================================================


╔==============================================================================╗
║               ETL PROCESS - DW PARIWISATA JAKARTA 2025                       ║
║                    with Disaster Recovery Features                           ║
╚==============================================================================╝

Started at: 2025-12-09 00:00:06 WITA
2025-12-09 00:00:06,134 - utils - INFO - [2025-12-09 00:00:06] ETL - START: Starting full ETL process (Traditional - Transform from staging)
ℹ️  [2025-12-09 00:00:06] ETL - START: Starting full ETL process (Traditional - Transform from staging)
ℹ️  [2025-12-09 00:00:06] BACKUP - START: Running pre-ETL database backup

================================================================================
PRE-ETL BACKUP
================================================================================
📂 Environment: Docker
📂 Backup script: /app/scripts/disaster_recovery/backup_database.sh
2025-12-09 00:00:06,136 - utils - INFO - [2025-12-09 00:00:06] BACKUP - START: Running pre-ETL database backup
🔄 Executing backup script...
2025-12-09 00:00:15,057 - utils - INFO - [2025-12-09 00:00:15] BACKUP - SUCCESS: Pre-ETL backup completed successfully
✅ [2025-12-09 00:00:15] BACKUP - SUCCESS: Pre-ETL backup completed successfully
✅ Pre-ETL backup completed
   Backup location: /app/data/backups/
✅ Safety backup created - ETL can proceed safely

================================================================================
STEP 1: EXTRACT DATA FROM SOURCES
================================================================================
2025-12-09 00:00:15,190 - utils - INFO - [2025-12-09 00:00:15] EXTRACT - START: Reading kunjungan data from Excel
ℹ️  [2025-12-09 00:00:15] EXTRACT - START: Reading kunjungan data from Excel
2025-12-09 00:00:15,771 - utils - INFO - [2025-12-09 00:00:15] EXTRACT - INFO: Read 400 rows from Excel
ℹ️  [2025-12-09 00:00:15] EXTRACT - INFO: Read 400 rows from Excel
2025-12-09 00:00:15,786 - utils - INFO - [2025-12-09 00:00:15] EXTRACT - SUCCESS: Extracted 400 records
✅ [2025-12-09 00:00:15] EXTRACT - SUCCESS: Extracted 400 records
✓ Extracted 400 kunjungan records (RAW data)
2025-12-09 00:00:15,787 - utils - INFO - [2025-12-09 00:00:15] EXTRACT - START: Reading harga tiket data
ℹ️  [2025-12-09 00:00:15] EXTRACT - START: Reading harga tiket data
2025-12-09 00:00:15,813 - utils - INFO - [2025-12-09 00:00:15] EXTRACT - INFO: Read 28 harga records from Excel
ℹ️  [2025-12-09 00:00:15] EXTRACT - INFO: Read 28 harga records from Excel
ℹ️  [2025-12-09 00:00:15] EXTRACT - INFO: Harga data breakdown:
2025-12-09 00:00:15,816 - utils - INFO - [2025-12-09 00:00:15] EXTRACT - INFO: Harga data breakdown:
ℹ️  [2025-12-09 00:00:15] EXTRACT - INFO:   - Objek wisata gratis: 10
2025-12-09 00:00:15,817 - utils - INFO - [2025-12-09 00:00:15] EXTRACT - INFO:   - Objek wisata gratis: 10
ℹ️  [2025-12-09 00:00:15] EXTRACT - INFO:   - Objek wisata berbayar: 18
2025-12-09 00:00:15,817 - utils - INFO - [2025-12-09 00:00:15] EXTRACT - INFO:   - Objek wisata berbayar: 18
ℹ️  [2025-12-09 00:00:15] EXTRACT - INFO:   - Harga tiket dewasa range: Rp 2,000 - Rp 25,000
2025-12-09 00:00:15,818 - utils - INFO - [2025-12-09 00:00:15] EXTRACT - INFO:   - Harga tiket dewasa range: Rp 2,000 - Rp 25,000
2025-12-09 00:00:15,819 - utils - INFO - [2025-12-09 00:00:15] EXTRACT - INFO:   - Harga tiket dewasa rata-rata: Rp 8,222
ℹ️  [2025-12-09 00:00:15] EXTRACT - INFO:   - Harga tiket dewasa rata-rata: Rp 8,222
2025-12-09 00:00:15,819 - utils - INFO - [2025-12-09 00:00:15] EXTRACT - SUCCESS: Extracted 28 harga records
✅ [2025-12-09 00:00:15] EXTRACT - SUCCESS: Extracted 28 harga records
✓ Extracted 28 harga records (RAW data)

================================================================================
STEP 2: LOAD RAW DATA TO STAGING
================================================================================
💡 Staging will be used for transformation (Traditional ETL)
ℹ️  [2025-12-09 00:00:15] LOAD - START: Loading to staging_kunjungan_raw
2025-12-09 00:00:15,820 - utils - INFO - [2025-12-09 00:00:15] LOAD - START: Loading to staging_kunjungan_raw
2025-12-09 00:00:15,963 - utils - INFO - [2025-12-09 00:00:15] LOAD - SUCCESS: Loaded 400 records to staging_kunjungan_raw
✅ [2025-12-09 00:00:15] LOAD - SUCCESS: Loaded 400 records to staging_kunjungan_raw
✓ Loaded 400 RAW records to staging_kunjungan_raw
2025-12-09 00:00:15,964 - utils - INFO - [2025-12-09 00:00:15] LOAD - START: Loading to staging_harga_tiket_raw
ℹ️  [2025-12-09 00:00:15] LOAD - START: Loading to staging_harga_tiket_raw
2025-12-09 00:00:15,976 - utils - INFO - [2025-12-09 00:00:15] LOAD - SUCCESS: Loaded 28 records to staging_harga_tiket_raw
✅ [2025-12-09 00:00:15] LOAD - SUCCESS: Loaded 28 records to staging_harga_tiket_raw
✓ Loaded 28 RAW harga records to staging_harga_tiket_raw

================================================================================
STEP 3: BUILD DIMENSIONS FROM STAGING DATABASE
================================================================================
💡 Reading data FROM staging tables using SQL queries
ℹ️  [2025-12-09 00:00:15] TRANSFORM - START: Building dim_time FROM staging
2025-12-09 00:00:15,977 - utils - INFO - [2025-12-09 00:00:15] TRANSFORM - START: Building dim_time FROM staging
✅ [2025-12-09 00:00:15] TRANSFORM - SUCCESS: Built 8 time records FROM staging
2025-12-09 00:00:15,997 - utils - INFO - [2025-12-09 00:00:15] TRANSFORM - SUCCESS: Built 8 time records FROM staging
2025-12-09 00:00:15,998 - utils - INFO - [2025-12-09 00:00:15] LOAD - START: Loading to dim_time
ℹ️  [2025-12-09 00:00:15] LOAD - START: Loading to dim_time
2025-12-09 00:00:16,006 - utils - INFO - [2025-12-09 00:00:16] LOAD - SUCCESS: Inserted 0 new time records
✅ [2025-12-09 00:00:16] LOAD - SUCCESS: Inserted 0 new time records
✓ Loaded dim_time (8 records) FROM staging
ℹ️  [2025-12-09 00:00:16] TRANSFORM - START: Building dim_objek_wisata FROM staging
2025-12-09 00:00:16,006 - utils - INFO - [2025-12-09 00:00:16] TRANSFORM - START: Building dim_objek_wisata FROM staging
2025-12-09 00:00:16,014 - utils - INFO - [2025-12-09 00:00:16] TRANSFORM - SUCCESS: Built 29 objek wisata FROM staging
✅ [2025-12-09 00:00:16] TRANSFORM - SUCCESS: Built 29 objek wisata FROM staging
ℹ️  [2025-12-09 00:00:16] LOAD - START: Loading to dim_objek_wisata
2025-12-09 00:00:16,016 - utils - INFO - [2025-12-09 00:00:16] LOAD - START: Loading to dim_objek_wisata
✅ [2025-12-09 00:00:16] LOAD - SUCCESS: Inserted 0 new objek wisata records
✓ Loaded dim_objek_wisata (29 records) FROM staging
✓ dim_wisatawan already exists (2 records: Nusantara, Mancanegara)
2025-12-09 00:00:16,028 - utils - INFO - [2025-12-09 00:00:16] LOAD - SUCCESS: Inserted 0 new objek wisata records
2025-12-09 00:00:16,028 - utils - INFO - [2025-12-09 00:00:16] TRANSFORM - START: Transforming harga data
ℹ️  [2025-12-09 00:00:16] TRANSFORM - START: Transforming harga data
ℹ️  [2025-12-09 00:00:16] TRANSFORM - INFO: Found 29 objek wisata in database
2025-12-09 00:00:16,031 - utils - INFO - [2025-12-09 00:00:16] TRANSFORM - INFO: Found 29 objek wisata in database
ℹ️  [2025-12-09 00:00:16] TRANSFORM - INFO: Harga data statistics:
2025-12-09 00:00:16,041 - utils - INFO - [2025-12-09 00:00:16] TRANSFORM - INFO: Harga data statistics:
ℹ️  [2025-12-09 00:00:16] TRANSFORM - INFO:   - Total: 28, Gratis: 10, Berbayar: 18
2025-12-09 00:00:16,043 - utils - INFO - [2025-12-09 00:00:16] TRANSFORM - INFO:   - Total: 28, Gratis: 10, Berbayar: 18
ℹ️  [2025-12-09 00:00:16] TRANSFORM - INFO:   - Average price: Rp 8,222
2025-12-09 00:00:16,044 - utils - INFO - [2025-12-09 00:00:16] TRANSFORM - INFO:   - Average price: Rp 8,222
2025-12-09 00:00:16,046 - utils - INFO - [2025-12-09 00:00:16] TRANSFORM - SUCCESS: Transformed 28 harga records
✅ [2025-12-09 00:00:16] TRANSFORM - SUCCESS: Transformed 28 harga records
ℹ️  [2025-12-09 00:00:16] LOAD - START: Loading to dim_price
2025-12-09 00:00:16,047 - utils - INFO - [2025-12-09 00:00:16] LOAD - START: Loading to dim_price
ℹ️  [2025-12-09 00:00:16] LOAD - INFO: Truncating dim_price table
2025-12-09 00:00:16,047 - utils - INFO - [2025-12-09 00:00:16] LOAD - INFO: Truncating dim_price table
ℹ️  [2025-12-09 00:00:16] LOAD - INFO: Inserted: 28, Updated: 0
2025-12-09 00:00:16,092 - utils - INFO - [2025-12-09 00:00:16] LOAD - INFO: Inserted: 28, Updated: 0
✅ [2025-12-09 00:00:16] LOAD - SUCCESS: Loaded 28 price records to dim_price
2025-12-09 00:00:16,093 - utils - INFO - [2025-12-09 00:00:16] LOAD - SUCCESS: Loaded 28 price records to dim_price
ℹ️  [2025-12-09 00:00:16] LOAD - INFO: Total records in dim_price: 28
2025-12-09 00:00:16,097 - utils - INFO - [2025-12-09 00:00:16] LOAD - INFO: Total records in dim_price: 28
✓ Loaded dim_price (28 records)

================================================================================
STEP 4: LOAD FACT TABLE FROM STAGING
================================================================================
💡 Using SQL JOIN to merge staging with dimensions
2025-12-09 00:00:16,098 - utils - INFO - [2025-12-09 00:00:16] LOAD - START: Loading to fact_kunjungan
ℹ️  [2025-12-09 00:00:16] LOAD - START: Loading to fact_kunjungan
ℹ️  [2025-12-09 00:00:16] LOAD - INFO: Staging stats: 400 total, 8 periodes, 29 objek, 2 wisatawan
2025-12-09 00:00:16,101 - utils - INFO - [2025-12-09 00:00:16] LOAD - INFO: Staging stats: 400 total, 8 periodes, 29 objek, 2 wisatawan
2025-12-09 00:00:16,104 - utils - INFO - [2025-12-09 00:00:16] LOAD - INFO: dim_time: 8 records
ℹ️  [2025-12-09 00:00:16] LOAD - INFO: dim_time: 8 records
2025-12-09 00:00:16,106 - utils - INFO - [2025-12-09 00:00:16] LOAD - INFO: dim_objek_wisata: 29 records
ℹ️  [2025-12-09 00:00:16] LOAD - INFO: dim_objek_wisata: 29 records
ℹ️  [2025-12-09 00:00:16] LOAD - INFO: dim_wisatawan: 2 records
2025-12-09 00:00:16,108 - utils - INFO - [2025-12-09 00:00:16] LOAD - INFO: dim_wisatawan: 2 records
2025-12-09 00:00:16,135 - utils - INFO - [2025-12-09 00:00:16] LOAD - INFO: Inserted/Updated 400 fact records
ℹ️  [2025-12-09 00:00:16] LOAD - INFO: Inserted/Updated 400 fact records
✅ [2025-12-09 00:00:16] LOAD - SUCCESS: Loaded 400 fact records
2025-12-09 00:00:16,148 - utils - INFO - [2025-12-09 00:00:16] LOAD - SUCCESS: Loaded 400 fact records
ℹ️  [2025-12-09 00:00:16] LOAD - INFO: Staging records marked as processed
2025-12-09 00:00:16,148 - utils - INFO - [2025-12-09 00:00:16] LOAD - INFO: Staging records marked as processed
2025-12-09 00:00:16,151 - utils - INFO - [2025-12-09 00:00:16] LOAD - INFO: Total fact_kunjungan records: 400
ℹ️  [2025-12-09 00:00:16] LOAD - INFO: Total fact_kunjungan records: 400
✓ Loaded fact_kunjungan (400 records) FROM staging
  ✓ SQL JOIN with dim_time, dim_objek_wisata, dim_wisatawan
  ✓ Foreign key lookups completed via database
  ✓ Staging records marked as processed

================================================================================
STEP 5: DATA QUALITY VERIFICATION
================================================================================
ℹ️  [2025-12-09 00:00:16] LOAD - START: Verifying data quality
2025-12-09 00:00:16,153 - utils - INFO - [2025-12-09 00:00:16] LOAD - START: Verifying data quality
ℹ️  [2025-12-09 00:00:16] LOAD - INFO: Data quality verification:
2025-12-09 00:00:16,159 - utils - INFO - [2025-12-09 00:00:16] LOAD - INFO: Data quality verification:
ℹ️  [2025-12-09 00:00:16] LOAD - INFO:   - dim_time: 8 records
2025-12-09 00:00:16,159 - utils - INFO - [2025-12-09 00:00:16] LOAD - INFO:   - dim_time: 8 records
2025-12-09 00:00:16,160 - utils - INFO - [2025-12-09 00:00:16] LOAD - INFO:   - dim_objek_wisata: 29 records
ℹ️  [2025-12-09 00:00:16] LOAD - INFO:   - dim_objek_wisata: 29 records
2025-12-09 00:00:16,160 - utils - INFO - [2025-12-09 00:00:16] LOAD - INFO:   - dim_wisatawan: 2 records
ℹ️  [2025-12-09 00:00:16] LOAD - INFO:   - dim_wisatawan: 2 records
ℹ️  [2025-12-09 00:00:16] LOAD - INFO:   - dim_price: 28 records
2025-12-09 00:00:16,161 - utils - INFO - [2025-12-09 00:00:16] LOAD - INFO:   - dim_price: 28 records
2025-12-09 00:00:16,161 - utils - INFO - [2025-12-09 00:00:16] LOAD - INFO:   - fact_kunjungan: 400 records
ℹ️  [2025-12-09 00:00:16] LOAD - INFO:   - fact_kunjungan: 400 records
2025-12-09 00:00:16,161 - utils - INFO - [2025-12-09 00:00:16] LOAD - INFO:   - staging_total: 6400 records
ℹ️  [2025-12-09 00:00:16] LOAD - INFO:   - staging_total: 6400 records
ℹ️  [2025-12-09 00:00:16] LOAD - INFO:   - staging_processed: 6400 records
2025-12-09 00:00:16,162 - utils - INFO - [2025-12-09 00:00:16] LOAD - INFO:   - staging_processed: 6400 records
2025-12-09 00:00:16,162 - utils - INFO - [2025-12-09 00:00:16] LOAD - INFO:   - staging_unprocessed: 0 records
ℹ️  [2025-12-09 00:00:16] LOAD - INFO:   - staging_unprocessed: 0 records
ℹ️  [2025-12-09 00:00:16] LOAD - INFO:   - orphan_facts: 0 records
2025-12-09 00:00:16,163 - utils - INFO - [2025-12-09 00:00:16] LOAD - INFO:   - orphan_facts: 0 records
✅ [2025-12-09 00:00:16] LOAD - SUCCESS: No orphan records found

Data Warehouse Summary:
--------------------------------------------------------------------------------
2025-12-09 00:00:16,163 - utils - INFO - [2025-12-09 00:00:16] LOAD - SUCCESS: No orphan records found
  dim_time                      :          8 records
  dim_objek_wisata              :         29 records
  dim_wisatawan                 :          2 records
  dim_price                     :         28 records
  fact_kunjungan                :        400 records
  staging_total                 :      6,400 records
  staging_processed             :      6,400 records
  staging_unprocessed           :          0 records
--------------------------------------------------------------------------------

✅ Data quality check passed - No orphan records

================================================================================
STEP 6: STAGING CLEANUP
================================================================================
✓ Staging data retained for audit trail
  → All records marked as is_processed = TRUE
✅ [2025-12-09 00:00:16] ETL - SUCCESS: ETL process completed in 0m 10s

================================================================================
ETL PROCESS COMPLETED SUCCESSFULLY! ✅
Total execution time: 0m 10s
Backup location: /app/data/backups/
================================================================================
2025-12-09 00:00:16,164 - utils - INFO - [2025-12-09 00:00:16] ETL - SUCCESS: ETL process completed in 0m 10s
2025-12-09 00:00:16,164 - utils - INFO - Success notifications disabled (EMAIL_ON_SUCCESS=false)

🎉 ETL completed successfully

Exit code: 0
---------------------------------------- 
 
SUCCESS: ETL completed 
======================================================================== 
