======================================================================== 
ETL Task Scheduler - Started: 16/12/2025  8:00:01,34 
Using short path: C:\FILEPE~1\SECDE9~1\FILEMA~1\KECERD~1\FILETU~1\UAS\UAS_DW~1 
Docker Compose: C:\FILEPE~1\SECDE9~1\FILEMA~1\KECERD~1\FILETU~1\UAS\UAS_DW~1\docker\docker-compose.yml 
======================================================================== 
 
[1/3] Checking Docker... 
Docker version 28.4.0, build d8eb465
[2/3] Checking containers... 
NAME      IMAGE     COMMAND   SERVICE   CREATED   STATUS    PORTS
Starting containers... 
 Network dw_pariwisata_network  Creating
 Network dw_pariwisata_network  Created
 Container dw_postgres  Creating
 Container dw_postgres  Created
 Container dw_dashboard  Creating
 Container dw_pgadmin  Creating
 Container dw_etl  Creating
 Container dw_dashboard  Created
 Container dw_etl  Created
 Container dw_pgadmin  Created
 Container dw_postgres  Starting
 Container dw_postgres  Started
 Container dw_postgres  Waiting
 Container dw_postgres  Waiting
 Container dw_postgres  Waiting
 Container dw_postgres  Healthy
 Container dw_pgadmin  Starting
 Container dw_postgres  Healthy
 Container dw_dashboard  Starting
 Container dw_postgres  Healthy
 Container dw_etl  Starting
 Container dw_etl  Started
 Container dw_pgadmin  Started
 Container dw_dashboard  Started
[3/3] Running ETL... 
---------------------------------------- 

================================================================================
[2025-12-16 08:00:41.670219] ETL Started
Working Directory: /app
Script Path: /app/scripts/etl/main_etl.py
Environment: Docker
================================================================================


╔==============================================================================╗
║               ETL PROCESS - DW PARIWISATA JAKARTA 2025                       ║
║                    with Disaster Recovery Features                           ║
╚==============================================================================╝

Started at: 2025-12-16 08:00:41 WITA
ℹ️  [2025-12-16 08:00:41] ETL - START: Starting full ETL process (Traditional - Transform from staging)
2025-12-16 08:00:41,675 - utils - INFO - [2025-12-16 08:00:41] ETL - START: Starting full ETL process (Traditional - Transform from staging)
2025-12-16 08:00:41,676 - utils - INFO - [2025-12-16 08:00:41] BACKUP - START: Running pre-ETL database backup
ℹ️  [2025-12-16 08:00:41] BACKUP - START: Running pre-ETL database backup

================================================================================
PRE-ETL BACKUP
================================================================================
📂 Environment: Docker
📂 Backup script: /app/scripts/disaster_recovery/backup_database.sh
🔄 Executing backup script...
✅ [2025-12-16 08:00:43] BACKUP - SUCCESS: Pre-ETL backup completed successfully
✅ Pre-ETL backup completed
   Backup location: /app/data/backups/
✅ Safety backup created - ETL can proceed safely
2025-12-16 08:00:43,685 - utils - INFO - [2025-12-16 08:00:43] BACKUP - SUCCESS: Pre-ETL backup completed successfully

================================================================================
STEP 1: EXTRACT DATA FROM SOURCES
================================================================================
ℹ️  [2025-12-16 08:00:43] EXTRACT - START: Reading kunjungan data from Excel
2025-12-16 08:00:43,742 - utils - INFO - [2025-12-16 08:00:43] EXTRACT - START: Reading kunjungan data from Excel
ℹ️  [2025-12-16 08:00:44] EXTRACT - INFO: Read 400 rows from Excel
2025-12-16 08:00:44,069 - utils - INFO - [2025-12-16 08:00:44] EXTRACT - INFO: Read 400 rows from Excel
✅ [2025-12-16 08:00:44] EXTRACT - SUCCESS: Extracted 400 records
✓ Extracted 400 kunjungan records (RAW data)
2025-12-16 08:00:44,075 - utils - INFO - [2025-12-16 08:00:44] EXTRACT - SUCCESS: Extracted 400 records
2025-12-16 08:00:44,076 - utils - INFO - [2025-12-16 08:00:44] EXTRACT - START: Reading harga tiket data
ℹ️  [2025-12-16 08:00:44] EXTRACT - START: Reading harga tiket data
ℹ️  [2025-12-16 08:00:44] EXTRACT - INFO: Read 29 harga records from Excel
2025-12-16 08:00:44,119 - utils - INFO - [2025-12-16 08:00:44] EXTRACT - INFO: Read 29 harga records from Excel
ℹ️  [2025-12-16 08:00:44] EXTRACT - INFO: Harga data breakdown:
2025-12-16 08:00:44,122 - utils - INFO - [2025-12-16 08:00:44] EXTRACT - INFO: Harga data breakdown:
ℹ️  [2025-12-16 08:00:44] EXTRACT - INFO:   - Objek wisata gratis: 11
2025-12-16 08:00:44,122 - utils - INFO - [2025-12-16 08:00:44] EXTRACT - INFO:   - Objek wisata gratis: 11
2025-12-16 08:00:44,122 - utils - INFO - [2025-12-16 08:00:44] EXTRACT - INFO:   - Objek wisata berbayar: 18
ℹ️  [2025-12-16 08:00:44] EXTRACT - INFO:   - Objek wisata berbayar: 18
ℹ️  [2025-12-16 08:00:44] EXTRACT - INFO:   - Harga tiket dewasa range: Rp 2,000 - Rp 25,000
2025-12-16 08:00:44,123 - utils - INFO - [2025-12-16 08:00:44] EXTRACT - INFO:   - Harga tiket dewasa range: Rp 2,000 - Rp 25,000
ℹ️  [2025-12-16 08:00:44] EXTRACT - INFO:   - Harga tiket dewasa rata-rata: Rp 8,222
2025-12-16 08:00:44,123 - utils - INFO - [2025-12-16 08:00:44] EXTRACT - INFO:   - Harga tiket dewasa rata-rata: Rp 8,222
✅ [2025-12-16 08:00:44] EXTRACT - SUCCESS: Extracted 29 harga records
✓ Extracted 29 harga records (RAW data)

================================================================================
STEP 2: LOAD RAW DATA TO STAGING
================================================================================
💡 Staging will be used for transformation (Traditional ETL)
2025-12-16 08:00:44,124 - utils - INFO - [2025-12-16 08:00:44] EXTRACT - SUCCESS: Extracted 29 harga records
ℹ️  [2025-12-16 08:00:44] LOAD - START: Loading to staging_kunjungan_raw
2025-12-16 08:00:44,124 - utils - INFO - [2025-12-16 08:00:44] LOAD - START: Loading to staging_kunjungan_raw
2025-12-16 08:00:44,236 - utils - INFO - [2025-12-16 08:00:44] LOAD - SUCCESS: Loaded 400 records to staging_kunjungan_raw
✅ [2025-12-16 08:00:44] LOAD - SUCCESS: Loaded 400 records to staging_kunjungan_raw
✓ Loaded 400 RAW records to staging_kunjungan_raw
2025-12-16 08:00:44,237 - utils - INFO - [2025-12-16 08:00:44] LOAD - START: Loading to staging_harga_tiket_raw
ℹ️  [2025-12-16 08:00:44] LOAD - START: Loading to staging_harga_tiket_raw
2025-12-16 08:00:44,245 - utils - INFO - [2025-12-16 08:00:44] LOAD - SUCCESS: Loaded 29 records to staging_harga_tiket_raw
✅ [2025-12-16 08:00:44] LOAD - SUCCESS: Loaded 29 records to staging_harga_tiket_raw
✓ Loaded 29 RAW harga records to staging_harga_tiket_raw

================================================================================
STEP 3: BUILD DIMENSIONS FROM STAGING DATABASE
================================================================================
💡 Reading data FROM staging tables using SQL queries
2025-12-16 08:00:44,245 - utils - INFO - [2025-12-16 08:00:44] TRANSFORM - START: Building dim_time FROM staging
ℹ️  [2025-12-16 08:00:44] TRANSFORM - START: Building dim_time FROM staging
✅ [2025-12-16 08:00:44] TRANSFORM - SUCCESS: Built 8 time records FROM staging
2025-12-16 08:00:44,262 - utils - INFO - [2025-12-16 08:00:44] TRANSFORM - SUCCESS: Built 8 time records FROM staging
2025-12-16 08:00:44,263 - utils - INFO - [2025-12-16 08:00:44] LOAD - START: Loading to dim_time
ℹ️  [2025-12-16 08:00:44] LOAD - START: Loading to dim_time
✅ [2025-12-16 08:00:44] LOAD - SUCCESS: Inserted 0 new time records
✓ Loaded dim_time (8 records) FROM staging
2025-12-16 08:00:44,269 - utils - INFO - [2025-12-16 08:00:44] LOAD - SUCCESS: Inserted 0 new time records
ℹ️  [2025-12-16 08:00:44] TRANSFORM - START: Building dim_objek_wisata FROM staging
2025-12-16 08:00:44,269 - utils - INFO - [2025-12-16 08:00:44] TRANSFORM - START: Building dim_objek_wisata FROM staging
✅ [2025-12-16 08:00:44] TRANSFORM - SUCCESS: Built 29 objek wisata FROM staging
2025-12-16 08:00:44,276 - utils - INFO - [2025-12-16 08:00:44] TRANSFORM - SUCCESS: Built 29 objek wisata FROM staging
2025-12-16 08:00:44,278 - utils - INFO - [2025-12-16 08:00:44] LOAD - START: Loading to dim_objek_wisata
ℹ️  [2025-12-16 08:00:44] LOAD - START: Loading to dim_objek_wisata
✅ [2025-12-16 08:00:44] LOAD - SUCCESS: Inserted 0 new objek wisata records
✓ Loaded dim_objek_wisata (29 records) FROM staging
✓ dim_wisatawan already exists (2 records: Nusantara, Mancanegara)
2025-12-16 08:00:44,291 - utils - INFO - [2025-12-16 08:00:44] LOAD - SUCCESS: Inserted 0 new objek wisata records
2025-12-16 08:00:44,292 - utils - INFO - [2025-12-16 08:00:44] TRANSFORM - START: Transforming harga data
ℹ️  [2025-12-16 08:00:44] TRANSFORM - START: Transforming harga data
2025-12-16 08:00:44,295 - utils - INFO - [2025-12-16 08:00:44] TRANSFORM - INFO: Found 29 objek wisata in database
ℹ️  [2025-12-16 08:00:44] TRANSFORM - INFO: Found 29 objek wisata in database
2025-12-16 08:00:44,302 - utils - INFO - [2025-12-16 08:00:44] TRANSFORM - INFO: Harga data statistics:
ℹ️  [2025-12-16 08:00:44] TRANSFORM - INFO: Harga data statistics:
2025-12-16 08:00:44,303 - utils - INFO - [2025-12-16 08:00:44] TRANSFORM - INFO:   - Total: 29, Gratis: 11, Berbayar: 18
ℹ️  [2025-12-16 08:00:44] TRANSFORM - INFO:   - Total: 29, Gratis: 11, Berbayar: 18
ℹ️  [2025-12-16 08:00:44] TRANSFORM - INFO:   - Average price: Rp 8,222
2025-12-16 08:00:44,304 - utils - INFO - [2025-12-16 08:00:44] TRANSFORM - INFO:   - Average price: Rp 8,222
✅ [2025-12-16 08:00:44] TRANSFORM - SUCCESS: Transformed 29 harga records
2025-12-16 08:00:44,304 - utils - INFO - [2025-12-16 08:00:44] TRANSFORM - SUCCESS: Transformed 29 harga records
2025-12-16 08:00:44,305 - utils - INFO - [2025-12-16 08:00:44] LOAD - START: Loading to dim_price
ℹ️  [2025-12-16 08:00:44] LOAD - START: Loading to dim_price
ℹ️  [2025-12-16 08:00:44] LOAD - INFO: Truncating dim_price table
2025-12-16 08:00:44,306 - utils - INFO - [2025-12-16 08:00:44] LOAD - INFO: Truncating dim_price table
ℹ️  [2025-12-16 08:00:44] LOAD - INFO: Inserted: 29, Updated: 0
2025-12-16 08:00:44,330 - utils - INFO - [2025-12-16 08:00:44] LOAD - INFO: Inserted: 29, Updated: 0
2025-12-16 08:00:44,331 - utils - INFO - [2025-12-16 08:00:44] LOAD - SUCCESS: Loaded 29 price records to dim_price
✅ [2025-12-16 08:00:44] LOAD - SUCCESS: Loaded 29 price records to dim_price
ℹ️  [2025-12-16 08:00:44] LOAD - INFO: Total records in dim_price: 29
2025-12-16 08:00:44,333 - utils - INFO - [2025-12-16 08:00:44] LOAD - INFO: Total records in dim_price: 29
✓ Loaded dim_price (29 records)

================================================================================
STEP 4: LOAD FACT TABLE FROM STAGING
================================================================================
💡 Using SQL JOIN to merge staging with dimensions
2025-12-16 08:00:44,333 - utils - INFO - [2025-12-16 08:00:44] LOAD - START: Loading to fact_kunjungan
ℹ️  [2025-12-16 08:00:44] LOAD - START: Loading to fact_kunjungan
2025-12-16 08:00:44,335 - utils - INFO - [2025-12-16 08:00:44] LOAD - INFO: Staging stats: 400 total, 8 periodes, 29 objek, 2 wisatawan
ℹ️  [2025-12-16 08:00:44] LOAD - INFO: Staging stats: 400 total, 8 periodes, 29 objek, 2 wisatawan
ℹ️  [2025-12-16 08:00:44] LOAD - INFO: dim_time: 8 records
2025-12-16 08:00:44,337 - utils - INFO - [2025-12-16 08:00:44] LOAD - INFO: dim_time: 8 records
2025-12-16 08:00:44,338 - utils - INFO - [2025-12-16 08:00:44] LOAD - INFO: dim_objek_wisata: 29 records
ℹ️  [2025-12-16 08:00:44] LOAD - INFO: dim_objek_wisata: 29 records
2025-12-16 08:00:44,339 - utils - INFO - [2025-12-16 08:00:44] LOAD - INFO: dim_wisatawan: 2 records
ℹ️  [2025-12-16 08:00:44] LOAD - INFO: dim_wisatawan: 2 records
2025-12-16 08:00:44,357 - utils - INFO - [2025-12-16 08:00:44] LOAD - INFO: Inserted/Updated 400 fact records
ℹ️  [2025-12-16 08:00:44] LOAD - INFO: Inserted/Updated 400 fact records
2025-12-16 08:00:44,367 - utils - INFO - [2025-12-16 08:00:44] LOAD - SUCCESS: Loaded 400 fact records
✅ [2025-12-16 08:00:44] LOAD - SUCCESS: Loaded 400 fact records
2025-12-16 08:00:44,367 - utils - INFO - [2025-12-16 08:00:44] LOAD - INFO: Staging records marked as processed
ℹ️  [2025-12-16 08:00:44] LOAD - INFO: Staging records marked as processed
ℹ️  [2025-12-16 08:00:44] LOAD - INFO: Total fact_kunjungan records: 400
2025-12-16 08:00:44,368 - utils - INFO - [2025-12-16 08:00:44] LOAD - INFO: Total fact_kunjungan records: 400
✓ Loaded fact_kunjungan (400 records) FROM staging
  ✓ SQL JOIN with dim_time, dim_objek_wisata, dim_wisatawan
  ✓ Foreign key lookups completed via database
  ✓ Staging records marked as processed

================================================================================
STEP 5: DATA QUALITY VERIFICATION
================================================================================
ℹ️  [2025-12-16 08:00:44] LOAD - START: Verifying data quality
2025-12-16 08:00:44,370 - utils - INFO - [2025-12-16 08:00:44] LOAD - START: Verifying data quality
2025-12-16 08:00:44,374 - utils - INFO - [2025-12-16 08:00:44] LOAD - INFO: Data quality verification:
ℹ️  [2025-12-16 08:00:44] LOAD - INFO: Data quality verification:
ℹ️  [2025-12-16 08:00:44] LOAD - INFO:   - dim_time: 8 records
2025-12-16 08:00:44,374 - utils - INFO - [2025-12-16 08:00:44] LOAD - INFO:   - dim_time: 8 records
2025-12-16 08:00:44,375 - utils - INFO - [2025-12-16 08:00:44] LOAD - INFO:   - dim_objek_wisata: 29 records
ℹ️  [2025-12-16 08:00:44] LOAD - INFO:   - dim_objek_wisata: 29 records
2025-12-16 08:00:44,375 - utils - INFO - [2025-12-16 08:00:44] LOAD - INFO:   - dim_wisatawan: 2 records
ℹ️  [2025-12-16 08:00:44] LOAD - INFO:   - dim_wisatawan: 2 records
ℹ️  [2025-12-16 08:00:44] LOAD - INFO:   - dim_price: 29 records
2025-12-16 08:00:44,376 - utils - INFO - [2025-12-16 08:00:44] LOAD - INFO:   - dim_price: 29 records
ℹ️  [2025-12-16 08:00:44] LOAD - INFO:   - fact_kunjungan: 400 records
2025-12-16 08:00:44,377 - utils - INFO - [2025-12-16 08:00:44] LOAD - INFO:   - fact_kunjungan: 400 records
2025-12-16 08:00:44,377 - utils - INFO - [2025-12-16 08:00:44] LOAD - INFO:   - staging_total: 5200 records
ℹ️  [2025-12-16 08:00:44] LOAD - INFO:   - staging_total: 5200 records
ℹ️  [2025-12-16 08:00:44] LOAD - INFO:   - staging_processed: 5200 records
2025-12-16 08:00:44,378 - utils - INFO - [2025-12-16 08:00:44] LOAD - INFO:   - staging_processed: 5200 records
ℹ️  [2025-12-16 08:00:44] LOAD - INFO:   - staging_unprocessed: 0 records
2025-12-16 08:00:44,378 - utils - INFO - [2025-12-16 08:00:44] LOAD - INFO:   - staging_unprocessed: 0 records
ℹ️  [2025-12-16 08:00:44] LOAD - INFO:   - orphan_facts: 0 records
2025-12-16 08:00:44,378 - utils - INFO - [2025-12-16 08:00:44] LOAD - INFO:   - orphan_facts: 0 records
✅ [2025-12-16 08:00:44] LOAD - SUCCESS: No orphan records found

Data Warehouse Summary:
--------------------------------------------------------------------------------
  dim_time                      :          8 records
  dim_objek_wisata              :         29 records
  dim_wisatawan                 :          2 records
  dim_price                     :         29 records
  fact_kunjungan                :        400 records
  staging_total                 :      5,200 records
  staging_processed             :      5,200 records
  staging_unprocessed           :          0 records
--------------------------------------------------------------------------------

✅ Data quality check passed - No orphan records

================================================================================
STEP 6: STAGING CLEANUP
================================================================================
✓ Staging data retained for audit trail
  → All records marked as is_processed = TRUE
2025-12-16 08:00:44,379 - utils - INFO - [2025-12-16 08:00:44] LOAD - SUCCESS: No orphan records found
✅ [2025-12-16 08:00:44] ETL - SUCCESS: ETL process completed in 0m 2s

================================================================================
ETL PROCESS COMPLETED SUCCESSFULLY! ✅
Total execution time: 0m 2s
Backup location: /app/data/backups/
================================================================================
2025-12-16 08:00:44,379 - utils - INFO - [2025-12-16 08:00:44] ETL - SUCCESS: ETL process completed in 0m 2s
2025-12-16 08:00:44,380 - utils - INFO - Success notifications disabled (EMAIL_ON_SUCCESS=false)

🎉 ETL completed successfully

Exit code: 0
---------------------------------------- 
 
SUCCESS: ETL completed 
======================================================================== 
