======================================================================== 
ETL Task Scheduler - Started: 16/12/2025  9:53:55,51 
Using short path: C:\FILEPE~1\SECDE9~1\FILEMA~1\KECERD~1\FILETU~1\UAS\UAS_DW~1 
Docker Compose: C:\FILEPE~1\SECDE9~1\FILEMA~1\KECERD~1\FILETU~1\UAS\UAS_DW~1\docker\docker-compose.yml 
======================================================================== 
 
[1/3] Checking Docker... 
Docker version 28.4.0, build d8eb465
[2/3] Checking containers... 
NAME           IMAGE                   COMMAND                  SERVICE     CREATED          STATUS                    PORTS
dw_dashboard   docker-dashboard        "streamlit run /app/…"   dashboard   56 minutes ago   Up 56 minutes (healthy)   0.0.0.0:8501->8501/tcp, [::]:8501->8501/tcp
dw_etl         docker-etl              "tail -f /dev/null"      etl         56 minutes ago   Up 56 minutes (healthy)   
dw_pgadmin     dpage/pgadmin4:latest   "/entrypoint.sh"         pgadmin     56 minutes ago   Up 56 minutes             0.0.0.0:5050->80/tcp, [::]:5050->80/tcp
dw_postgres    postgres:18-alpine      "docker-entrypoint.s…"   postgres    56 minutes ago   Up 56 minutes (healthy)   0.0.0.0:5433->5432/tcp, [::]:5433->5432/tcp
[3/3] Running ETL... 
---------------------------------------- 

================================================================================
[2025-12-16 09:53:58.542003] ETL Started
Working Directory: /app
Script Path: /app/scripts/etl/main_etl.py
Environment: Docker
================================================================================


╔==============================================================================╗
║               ETL PROCESS - DW PARIWISATA JAKARTA 2025                       ║
║                    with Disaster Recovery Features                           ║
╚==============================================================================╝

Started at: 2025-12-16 09:53:58 WITA
2025-12-16 09:53:58,551 - utils - INFO - [2025-12-16 09:53:58] ETL - START: Starting full ETL process (Traditional - Transform from staging)
ℹ️  [2025-12-16 09:53:58] ETL - START: Starting full ETL process (Traditional - Transform from staging)
ℹ️  [2025-12-16 09:53:58] BACKUP - START: Running pre-ETL database backup

================================================================================
PRE-ETL BACKUP
================================================================================
📂 Environment: Docker
📂 Backup script: /app/scripts/disaster_recovery/backup_database.sh
2025-12-16 09:53:58,551 - utils - INFO - [2025-12-16 09:53:58] BACKUP - START: Running pre-ETL database backup
🔄 Executing backup script...
✅ [2025-12-16 09:54:09] BACKUP - SUCCESS: Pre-ETL backup completed successfully
✅ Pre-ETL backup completed
   Backup location: /app/data/backups/
✅ Safety backup created - ETL can proceed safely
2025-12-16 09:54:09,181 - utils - INFO - [2025-12-16 09:54:09] BACKUP - SUCCESS: Pre-ETL backup completed successfully

================================================================================
STEP 1: EXTRACT DATA FROM SOURCES
================================================================================
ℹ️  [2025-12-16 09:54:09] EXTRACT - START: Reading kunjungan data from Excel
2025-12-16 09:54:09,303 - utils - INFO - [2025-12-16 09:54:09] EXTRACT - START: Reading kunjungan data from Excel
2025-12-16 09:54:09,736 - utils - INFO - [2025-12-16 09:54:09] EXTRACT - INFO: Read 400 rows from Excel
ℹ️  [2025-12-16 09:54:09] EXTRACT - INFO: Read 400 rows from Excel
2025-12-16 09:54:09,746 - utils - INFO - [2025-12-16 09:54:09] EXTRACT - SUCCESS: Extracted 400 records
✅ [2025-12-16 09:54:09] EXTRACT - SUCCESS: Extracted 400 records
✓ Extracted 400 kunjungan records (RAW data)
2025-12-16 09:54:09,748 - utils - INFO - [2025-12-16 09:54:09] EXTRACT - START: Reading harga tiket data
ℹ️  [2025-12-16 09:54:09] EXTRACT - START: Reading harga tiket data
ℹ️  [2025-12-16 09:54:09] EXTRACT - INFO: Read 29 harga records from Excel
2025-12-16 09:54:09,811 - utils - INFO - [2025-12-16 09:54:09] EXTRACT - INFO: Read 29 harga records from Excel
ℹ️  [2025-12-16 09:54:09] EXTRACT - INFO: Harga data breakdown:
2025-12-16 09:54:09,816 - utils - INFO - [2025-12-16 09:54:09] EXTRACT - INFO: Harga data breakdown:
2025-12-16 09:54:09,818 - utils - INFO - [2025-12-16 09:54:09] EXTRACT - INFO:   - Objek wisata gratis: 11
ℹ️  [2025-12-16 09:54:09] EXTRACT - INFO:   - Objek wisata gratis: 11
2025-12-16 09:54:09,819 - utils - INFO - [2025-12-16 09:54:09] EXTRACT - INFO:   - Objek wisata berbayar: 18
ℹ️  [2025-12-16 09:54:09] EXTRACT - INFO:   - Objek wisata berbayar: 18
2025-12-16 09:54:09,822 - utils - INFO - [2025-12-16 09:54:09] EXTRACT - INFO:   - Harga tiket dewasa range: Rp 2,000 - Rp 25,000
ℹ️  [2025-12-16 09:54:09] EXTRACT - INFO:   - Harga tiket dewasa range: Rp 2,000 - Rp 25,000
ℹ️  [2025-12-16 09:54:09] EXTRACT - INFO:   - Harga tiket dewasa rata-rata: Rp 8,222
2025-12-16 09:54:09,826 - utils - INFO - [2025-12-16 09:54:09] EXTRACT - INFO:   - Harga tiket dewasa rata-rata: Rp 8,222
✅ [2025-12-16 09:54:09] EXTRACT - SUCCESS: Extracted 29 harga records
✓ Extracted 29 harga records (RAW data)

================================================================================
STEP 2: LOAD RAW DATA TO STAGING
================================================================================
💡 Staging will be used for transformation (Traditional ETL)
2025-12-16 09:54:09,828 - utils - INFO - [2025-12-16 09:54:09] EXTRACT - SUCCESS: Extracted 29 harga records
2025-12-16 09:54:09,829 - utils - INFO - [2025-12-16 09:54:09] LOAD - START: Loading to staging_kunjungan_raw
ℹ️  [2025-12-16 09:54:09] LOAD - START: Loading to staging_kunjungan_raw
✅ [2025-12-16 09:54:10] LOAD - SUCCESS: Loaded 400 records to staging_kunjungan_raw
✓ Loaded 400 RAW records to staging_kunjungan_raw
2025-12-16 09:54:10,047 - utils - INFO - [2025-12-16 09:54:10] LOAD - SUCCESS: Loaded 400 records to staging_kunjungan_raw
ℹ️  [2025-12-16 09:54:10] LOAD - START: Loading to staging_harga_tiket_raw
2025-12-16 09:54:10,056 - utils - INFO - [2025-12-16 09:54:10] LOAD - START: Loading to staging_harga_tiket_raw
2025-12-16 09:54:10,076 - utils - INFO - [2025-12-16 09:54:10] LOAD - SUCCESS: Loaded 29 records to staging_harga_tiket_raw
✅ [2025-12-16 09:54:10] LOAD - SUCCESS: Loaded 29 records to staging_harga_tiket_raw
✓ Loaded 29 RAW harga records to staging_harga_tiket_raw

================================================================================
STEP 3: BUILD DIMENSIONS FROM STAGING DATABASE
================================================================================
💡 Reading data FROM staging tables using SQL queries
2025-12-16 09:54:10,084 - utils - INFO - [2025-12-16 09:54:10] TRANSFORM - START: Building dim_time FROM staging
ℹ️  [2025-12-16 09:54:10] TRANSFORM - START: Building dim_time FROM staging
✅ [2025-12-16 09:54:10] TRANSFORM - SUCCESS: Built 8 time records FROM staging
2025-12-16 09:54:10,128 - utils - INFO - [2025-12-16 09:54:10] TRANSFORM - SUCCESS: Built 8 time records FROM staging
2025-12-16 09:54:10,133 - utils - INFO - [2025-12-16 09:54:10] LOAD - START: Loading to dim_time
ℹ️  [2025-12-16 09:54:10] LOAD - START: Loading to dim_time
✅ [2025-12-16 09:54:10] LOAD - SUCCESS: Inserted 0 new time records
✓ Loaded dim_time (8 records) FROM staging
2025-12-16 09:54:10,141 - utils - INFO - [2025-12-16 09:54:10] LOAD - SUCCESS: Inserted 0 new time records
ℹ️  [2025-12-16 09:54:10] TRANSFORM - START: Building dim_objek_wisata FROM staging
2025-12-16 09:54:10,143 - utils - INFO - [2025-12-16 09:54:10] TRANSFORM - START: Building dim_objek_wisata FROM staging
2025-12-16 09:54:10,150 - utils - INFO - [2025-12-16 09:54:10] TRANSFORM - SUCCESS: Built 29 objek wisata FROM staging
✅ [2025-12-16 09:54:10] TRANSFORM - SUCCESS: Built 29 objek wisata FROM staging
ℹ️  [2025-12-16 09:54:10] LOAD - START: Loading to dim_objek_wisata
2025-12-16 09:54:10,152 - utils - INFO - [2025-12-16 09:54:10] LOAD - START: Loading to dim_objek_wisata
2025-12-16 09:54:10,168 - utils - INFO - [2025-12-16 09:54:10] LOAD - SUCCESS: Inserted 0 new objek wisata records
✅ [2025-12-16 09:54:10] LOAD - SUCCESS: Inserted 0 new objek wisata records
✓ Loaded dim_objek_wisata (29 records) FROM staging
✓ dim_wisatawan already exists (2 records: Nusantara, Mancanegara)
ℹ️  [2025-12-16 09:54:10] TRANSFORM - START: Transforming harga data
2025-12-16 09:54:10,168 - utils - INFO - [2025-12-16 09:54:10] TRANSFORM - START: Transforming harga data
ℹ️  [2025-12-16 09:54:10] TRANSFORM - INFO: Found 29 objek wisata in database
2025-12-16 09:54:10,172 - utils - INFO - [2025-12-16 09:54:10] TRANSFORM - INFO: Found 29 objek wisata in database
ℹ️  [2025-12-16 09:54:10] TRANSFORM - INFO: Harga data statistics:
2025-12-16 09:54:10,182 - utils - INFO - [2025-12-16 09:54:10] TRANSFORM - INFO: Harga data statistics:
2025-12-16 09:54:10,183 - utils - INFO - [2025-12-16 09:54:10] TRANSFORM - INFO:   - Total: 29, Gratis: 11, Berbayar: 18
ℹ️  [2025-12-16 09:54:10] TRANSFORM - INFO:   - Total: 29, Gratis: 11, Berbayar: 18
2025-12-16 09:54:10,183 - utils - INFO - [2025-12-16 09:54:10] TRANSFORM - INFO:   - Average price: Rp 8,222
ℹ️  [2025-12-16 09:54:10] TRANSFORM - INFO:   - Average price: Rp 8,222
2025-12-16 09:54:10,185 - utils - INFO - [2025-12-16 09:54:10] TRANSFORM - SUCCESS: Transformed 29 harga records
✅ [2025-12-16 09:54:10] TRANSFORM - SUCCESS: Transformed 29 harga records
ℹ️  [2025-12-16 09:54:10] LOAD - START: Loading to dim_price
2025-12-16 09:54:10,185 - utils - INFO - [2025-12-16 09:54:10] LOAD - START: Loading to dim_price
ℹ️  [2025-12-16 09:54:10] LOAD - INFO: Truncating dim_price table
2025-12-16 09:54:10,186 - utils - INFO - [2025-12-16 09:54:10] LOAD - INFO: Truncating dim_price table
ℹ️  [2025-12-16 09:54:10] LOAD - INFO: Inserted: 29, Updated: 0
2025-12-16 09:54:10,231 - utils - INFO - [2025-12-16 09:54:10] LOAD - INFO: Inserted: 29, Updated: 0
2025-12-16 09:54:10,231 - utils - INFO - [2025-12-16 09:54:10] LOAD - SUCCESS: Loaded 29 price records to dim_price
✅ [2025-12-16 09:54:10] LOAD - SUCCESS: Loaded 29 price records to dim_price
2025-12-16 09:54:10,232 - utils - INFO - [2025-12-16 09:54:10] LOAD - INFO: Total records in dim_price: 29
ℹ️  [2025-12-16 09:54:10] LOAD - INFO: Total records in dim_price: 29
✓ Loaded dim_price (29 records)

================================================================================
STEP 4: LOAD FACT TABLE FROM STAGING
================================================================================
💡 Using SQL JOIN to merge staging with dimensions
ℹ️  [2025-12-16 09:54:10] LOAD - START: Loading to fact_kunjungan
2025-12-16 09:54:10,233 - utils - INFO - [2025-12-16 09:54:10] LOAD - START: Loading to fact_kunjungan
2025-12-16 09:54:10,235 - utils - INFO - [2025-12-16 09:54:10] LOAD - INFO: Staging stats: 400 total, 8 periodes, 29 objek, 2 wisatawan
ℹ️  [2025-12-16 09:54:10] LOAD - INFO: Staging stats: 400 total, 8 periodes, 29 objek, 2 wisatawan
ℹ️  [2025-12-16 09:54:10] LOAD - INFO: dim_time: 8 records
2025-12-16 09:54:10,237 - utils - INFO - [2025-12-16 09:54:10] LOAD - INFO: dim_time: 8 records
2025-12-16 09:54:10,238 - utils - INFO - [2025-12-16 09:54:10] LOAD - INFO: dim_objek_wisata: 29 records
ℹ️  [2025-12-16 09:54:10] LOAD - INFO: dim_objek_wisata: 29 records
ℹ️  [2025-12-16 09:54:10] LOAD - INFO: dim_wisatawan: 2 records
2025-12-16 09:54:10,241 - utils - INFO - [2025-12-16 09:54:10] LOAD - INFO: dim_wisatawan: 2 records
ℹ️  [2025-12-16 09:54:10] LOAD - INFO: Inserted/Updated 400 fact records
2025-12-16 09:54:10,269 - utils - INFO - [2025-12-16 09:54:10] LOAD - INFO: Inserted/Updated 400 fact records
✅ [2025-12-16 09:54:10] LOAD - SUCCESS: Loaded 400 fact records
2025-12-16 09:54:10,282 - utils - INFO - [2025-12-16 09:54:10] LOAD - SUCCESS: Loaded 400 fact records
ℹ️  [2025-12-16 09:54:10] LOAD - INFO: Staging records marked as processed
2025-12-16 09:54:10,286 - utils - INFO - [2025-12-16 09:54:10] LOAD - INFO: Staging records marked as processed
2025-12-16 09:54:10,293 - utils - INFO - [2025-12-16 09:54:10] LOAD - INFO: Total fact_kunjungan records: 400
ℹ️  [2025-12-16 09:54:10] LOAD - INFO: Total fact_kunjungan records: 400
✓ Loaded fact_kunjungan (400 records) FROM staging
  ✓ SQL JOIN with dim_time, dim_objek_wisata, dim_wisatawan
  ✓ Foreign key lookups completed via database
  ✓ Staging records marked as processed

================================================================================
STEP 5: DATA QUALITY VERIFICATION
================================================================================
2025-12-16 09:54:10,299 - utils - INFO - [2025-12-16 09:54:10] LOAD - START: Verifying data quality
ℹ️  [2025-12-16 09:54:10] LOAD - START: Verifying data quality
ℹ️  [2025-12-16 09:54:10] LOAD - INFO: Data quality verification:
2025-12-16 09:54:10,305 - utils - INFO - [2025-12-16 09:54:10] LOAD - INFO: Data quality verification:
ℹ️  [2025-12-16 09:54:10] LOAD - INFO:   - dim_time: 8 records
2025-12-16 09:54:10,306 - utils - INFO - [2025-12-16 09:54:10] LOAD - INFO:   - dim_time: 8 records
ℹ️  [2025-12-16 09:54:10] LOAD - INFO:   - dim_objek_wisata: 29 records
2025-12-16 09:54:10,307 - utils - INFO - [2025-12-16 09:54:10] LOAD - INFO:   - dim_objek_wisata: 29 records
ℹ️  [2025-12-16 09:54:10] LOAD - INFO:   - dim_wisatawan: 2 records
2025-12-16 09:54:10,308 - utils - INFO - [2025-12-16 09:54:10] LOAD - INFO:   - dim_wisatawan: 2 records
ℹ️  [2025-12-16 09:54:10] LOAD - INFO:   - dim_price: 29 records
2025-12-16 09:54:10,311 - utils - INFO - [2025-12-16 09:54:10] LOAD - INFO:   - dim_price: 29 records
ℹ️  [2025-12-16 09:54:10] LOAD - INFO:   - fact_kunjungan: 400 records
2025-12-16 09:54:10,311 - utils - INFO - [2025-12-16 09:54:10] LOAD - INFO:   - fact_kunjungan: 400 records
ℹ️  [2025-12-16 09:54:10] LOAD - INFO:   - staging_total: 6000 records
2025-12-16 09:54:10,312 - utils - INFO - [2025-12-16 09:54:10] LOAD - INFO:   - staging_total: 6000 records
2025-12-16 09:54:10,312 - utils - INFO - [2025-12-16 09:54:10] LOAD - INFO:   - staging_processed: 6000 records
ℹ️  [2025-12-16 09:54:10] LOAD - INFO:   - staging_processed: 6000 records
ℹ️  [2025-12-16 09:54:10] LOAD - INFO:   - staging_unprocessed: 0 records
2025-12-16 09:54:10,313 - utils - INFO - [2025-12-16 09:54:10] LOAD - INFO:   - staging_unprocessed: 0 records
ℹ️  [2025-12-16 09:54:10] LOAD - INFO:   - orphan_facts: 0 records
2025-12-16 09:54:10,313 - utils - INFO - [2025-12-16 09:54:10] LOAD - INFO:   - orphan_facts: 0 records
✅ [2025-12-16 09:54:10] LOAD - SUCCESS: No orphan records found

Data Warehouse Summary:
--------------------------------------------------------------------------------
2025-12-16 09:54:10,314 - utils - INFO - [2025-12-16 09:54:10] LOAD - SUCCESS: No orphan records found
  dim_time                      :          8 records
  dim_objek_wisata              :         29 records
  dim_wisatawan                 :          2 records
  dim_price                     :         29 records
  fact_kunjungan                :        400 records
  staging_total                 :      6,000 records
  staging_processed             :      6,000 records
  staging_unprocessed           :          0 records
--------------------------------------------------------------------------------

✅ Data quality check passed - No orphan records

================================================================================
STEP 6: STAGING CLEANUP
================================================================================
✓ Staging data retained for audit trail
  → All records marked as is_processed = TRUE
✅ [2025-12-16 09:54:10] ETL - SUCCESS: ETL process completed in 0m 11s

================================================================================
ETL PROCESS COMPLETED SUCCESSFULLY! ✅
Total execution time: 0m 11s
Backup location: /app/data/backups/
================================================================================
2025-12-16 09:54:10,314 - utils - INFO - [2025-12-16 09:54:10] ETL - SUCCESS: ETL process completed in 0m 11s
2025-12-16 09:54:10,315 - utils - INFO - Success notifications disabled (EMAIL_ON_SUCCESS=false)

🎉 ETL completed successfully

Exit code: 0
---------------------------------------- 
 
SUCCESS: ETL completed 
======================================================================== 
